1 111
1 221
1 331
1 37
1 411
1 450
1 661
1 771
1 931
10 120
10 230
10 340
10 420
10 459
10 46
10 670
10 780
10 940
117 227
119 419
2 112
2 222
2 332
2 38
2 412
2 451
2 662
2 772
2 932
222 662
228 938
229 419
3 113
3 223
3 333
3 39
3 413
3 452
3 663
3 773
3 933
337 937
339 419
339 669
4 114
4 224
4 334
4 40
4 414
4 453
4 664
4 774
4 934
419 458
419 669
419 779
419 939
45 419
46 230
5 115
5 225
5 335
5 41
5 415
5 454
5 665
5 775
5 935
6 116
6 226
6 336
6 416
6 42
6 455
6 666
6 776
6 936
667 777
7 117
7 227
7 337
7 417
7 43
7 456
7 667
7 777
7 937
8 118
8 228
8 338
8 418
8 44
8 457
8 668
8 778
8 938
9 119
9 229
9 339
9 45
9 458
9 669
9 779
9 939
